<?xml version="1.0" encoding="utf-8"?>
<beans xmlns="http://www.springframework.org/schema/beans"
       xmlns:xsi="http://www.w3.org/2001/XMLSchema-instance" xmlns:aop="http://www.springframework.org/schema/aop"
       xmlns:tx="http://www.springframework.org/schema/tx" xmlns:context="http://www.springframework.org/schema/context"
       xsi:schemaLocation="
            http://www.springframework.org/schema/beans http://www.springframework.org/schema/beans/spring-beans-3.0.xsd
            http://www.springframework.org/schema/aop http://www.springframework.org/schema/aop/spring-aop-3.0.xsd
            http://www.springframework.org/schema/context http://www.springframework.org/schema/context/spring-context-3.0.xsd
            http://www.springframework.org/schema/jee http://www.springframework.org/schema/jee/spring-jee-3.0.xsd
            http://www.springframework.org/schema/tx http://www.springframework.org/schema/tx/spring-tx-3.0.xsd"
       default-autowire="byName" default-lazy-init="false">


    <context:annotation-config></context:annotation-config>
    <context:component-scan base-package="com.iecas"></context:component-scan>
    <context:property-placeholder location="db.properties"/>
    <bean id="dataSource" class="org.apache.commons.dbcp2.BasicDataSource">
        <property name="driverClassName" value="${jdbc.driverClass}" />
        <property name="url" value="${jdbc.jdbcUrl}" />
        <property name="username" value="${jdbc.user}" />
        <property name="password" value="${jdbc.password}" />
    </bean>
    <bean id="sqlSessionFactory" class="org.mybatis.spring.SqlSessionFactoryBean">
        <!--dataSource属性指定要用到的连接池-->
        <property name="dataSource" ref="dataSource" />
        <!--configLocation属性指定mybatis的核心配置文件-->
        <property name="configLocation" value="Configure.xml" />
    </bean>

    <bean id="userMaper" class="org.mybatis.spring.mapper.MapperFactoryBean">
        <!--sqlSessionFactory属性指定要用到的SqlSessionFactory实例-->
        <property name="sqlSessionFactory" ref="sqlSessionFactory" />
        <!--mapperInterface属性指定映射器接口，用于实现此接口并生成映射器对象-->
        <property name="mapperInterface" value="com.iecas.test.mybaties.mapper.UserMapper" />
    </bean>
</beans>